Arguments: 
  /usr/bin/node /usr/share/yarn/bin/yarn.js

PATH: 
  /home/sana/.local/bin:/usr/local/sbin:/usr/local/bin:/usr/sbin:/usr/bin:/sbin:/bin:/usr/games:/usr/local/games:/snap/bin:/home/sana/go/bin

Yarn version: 
  1.22.5

Node version: 
  10.19.0

Platform: 
  linux x64

Trace: 
  Error: getaddrinfo EAI_AGAIN registry.yarnpkg.com registry.yarnpkg.com:443
      at GetAddrInfoReqWrap.onlookup [as oncomplete] (dns.js:56:26)

npm manifest: 
  {
    "name": "hello_template",
    "version": "1.0.0",
    "description": "A template for creating a full stack wep app with Flask, NPM, Webpack, and Reactjs",
    "main": "index.js",
    "scripts": {
      "test": "echo \"Error: no test specified\" && exit 1",
      "build": "webpack -p --progress --config webpack.config.js",
      "dev-build": "webpack --progress -d --config webpack.config.js",
      "watch": "webpack --progress -d --config webpack.config.js --watch"
    },
    "repository": {
      "type": "git",
      "url": "git+https://github.com/Eyongkevin/portfolio_template.git"
    },
    "keywords": [
      "portfolio",
      "template",
      "python",
      "react",
      "npm",
      "webpack"
    ],
    "author": "Eyong Kevin",
    "license": "ISC",
    "bugs": {
      "url": "https://github.com/Eyongkevin/portfolio_template/issues"
    },
    "homepage": "https://github.com/Eyongkevin/portfolio_template#readme",
    "devDependencies": {
      "@babel/core": "^7.4.4",
      "@babel/plugin-proposal-class-properties": "^7.4.4",
      "@babel/plugin-transform-runtime": "^7.4.4",
      "@babel/preset-env": "^7.4.4",
      "@babel/preset-react": "^7.0.0",
      "babel-core": "^6.26.3",
      "babel-loader": "^8.0.5",
      "babel-preset-es2015": "^6.24.1",
      "babel-preset-react": "^6.24.1",
      "webpack": "^4.30.0",
      "webpack-cli": "^3.3.2",
      "@ant-design/charts": "^1.0.13",
      "@testing-library/jest-dom": "^5.11.4",
      "@testing-library/react": "^11.1.0",
      "@testing-library/user-event": "^12.1.10",
      "@types/jest": "^26.0.15",
      "@types/node": "^12.0.0",
      "@types/react": "^16.9.53",
      "@types/react-dom": "^16.9.8",
      "@types/react-redux": "^7.1.15",
      "@types/react-router-dom": "^5.1.7",
      "antd": "^4.10.2",
      "axios": "^0.21.1",
      "react": "^17.0.1",
      "react-dom": "^17.0.1",
      "react-redux": "^7.2.2",
      "react-router-dom": "^5.2.0",
      "react-scripts": "4.0.1",
      "redux": "^4.0.5",
      "redux-saga": "^1.1.3",
      "typescript": "^4.0.5",
      "web-vitals": "^0.2.4"
    },
    "dependencies": {
      "history": "^4.9.0"
    }
  }

yarn manifest: 
  No manifest

Lockfile: 
  No lockfile
